[  0%] Built target actionlib_msgs_generate_messages_py
[  0%] Built target std_msgs_generate_messages_py
[  0%] Built target _actionlib_tutorials_generate_messages_check_deps_forwardFeedback
[  0%] Built target _actionlib_tutorials_generate_messages_check_deps_DoDishesActionGoal
[  0%] Built target _actionlib_tutorials_generate_messages_check_deps_DoDishesAction
[  0%] Built target _actionlib_tutorials_generate_messages_check_deps_DoDishesActionFeedback
[  0%] Built target _actionlib_tutorials_generate_messages_check_deps_DoDishesResult
[  0%] Built target _actionlib_tutorials_generate_messages_check_deps_DoDishesGoal
[  0%] Built target _actionlib_tutorials_generate_messages_check_deps_FibonacciActionGoal
[  0%] Built target _actionlib_tutorials_generate_messages_check_deps_DoDishesFeedback
[  0%] Built target _actionlib_tutorials_generate_messages_check_deps_FibonacciGoal
[  0%] Built target _actionlib_tutorials_generate_messages_check_deps_FibonacciActionFeedback
[  0%] Built target _actionlib_tutorials_generate_messages_check_deps_FibonacciAction
[  0%] Built target _actionlib_tutorials_generate_messages_check_deps_DoDishesActionResult
[  0%] Built target _actionlib_tutorials_generate_messages_check_deps_FibonacciResult
[  0%] Built target _actionlib_tutorials_generate_messages_check_deps_FibonacciActionResult
[  0%] Built target actionlib_msgs_generate_messages_cpp
[  0%] Built target std_msgs_generate_messages_cpp
[  0%] Built target std_msgs_generate_messages_eus
[  0%] [32mBuilding CXX object CMakeFiles/SimpleActionClient.dir/src/SimpleActionClient.cpp.o[0m
[  0%] Built target std_msgs_generate_messages_lisp
[  0%] Built target actionlib_msgs_generate_messages_nodejs
[  0%] Built target _actionlib_tutorials_generate_messages_check_deps_FibonacciFeedback
[01m[K/home/ye/Documents/Course/ROS/lecture/lec_ws/src/actionlib_tutorials/src/SimpleActionClient.cpp:1:10:[m[K [01;31m[Kfatal error: [m[Kactionlib_tutorials/DoDishesAction.h: No such file or directory
    1 | #include [01;31m[K<actionlib_tutorials/DoDishesAction.h>[m[K // Note: "Action" is appended
      |          [01;31m[K^~~~~~~~~~~~~~~~~~~~~~~~~~~~~~~~~~~~~~[m[K
compilation terminated.
make[2]: *** [CMakeFiles/SimpleActionClient.dir/build.make:76: CMakeFiles/SimpleActionClient.dir/src/SimpleActionClient.cpp.o] Error 1
make[1]: *** [CMakeFiles/Makefile2:1957: CMakeFiles/SimpleActionClient.dir/all] Error 2
make[1]: *** Waiting for unfinished jobs....
[  1%] [32mBuilding CXX object CMakeFiles/SimpleActionServer.dir/src/SimpleActionServer.cpp.o[0m
[  1%] Built target actionlib_msgs_generate_messages_lisp
[01m[K/home/ye/Documents/Course/ROS/lecture/lec_ws/src/actionlib_tutorials/src/SimpleActionServer.cpp:1:10:[m[K [01;31m[Kfatal error: [m[Kactionlib_tutorials/DoDishesAction.h: No such file or directory
    1 | #include [01;31m[K<actionlib_tutorials/DoDishesAction.h>[m[K // Note: "Action" is appended
      |          [01;31m[K^~~~~~~~~~~~~~~~~~~~~~~~~~~~~~~~~~~~~~[m[K
compilation terminated.
[  1%] Built target std_msgs_generate_messages_nodejs
make[2]: *** [CMakeFiles/SimpleActionServer.dir/build.make:76: CMakeFiles/SimpleActionServer.dir/src/SimpleActionServer.cpp.o] Error 1
make[1]: *** [CMakeFiles/Makefile2:1983: CMakeFiles/SimpleActionServer.dir/all] Error 2
[  1%] Built target actionlib_msgs_generate_messages_eus
[  1%] Built target _actionlib_tutorials_generate_messages_check_deps_forwardGoal
[  1%] Built target _actionlib_tutorials_generate_messages_check_deps_forwardAction
[  1%] Built target _actionlib_tutorials_generate_messages_check_deps_forwardActionResult
[  1%] Built target _actionlib_tutorials_generate_messages_check_deps_forwardResult
[  1%] Built target _actionlib_tutorials_generate_messages_check_deps_forwardActionGoal
[  1%] Built target _actionlib_tutorials_generate_messages_check_deps_forwardActionFeedback
make: *** [Makefile:146: all] Error 2
