[  0%] Built target std_msgs_generate_messages_py
[  0%] Built target actionlib_msgs_generate_messages_py
[  0%] Built target _actionlib_tutorials_generate_messages_check_deps_forwardFeedback
[  0%] Built target _actionlib_tutorials_generate_messages_check_deps_DoDishesActionResult
[  0%] Built target _actionlib_tutorials_generate_messages_check_deps_DoDishesAction
[  0%] Built target _actionlib_tutorials_generate_messages_check_deps_DoDishesGoal
[  0%] Built target _actionlib_tutorials_generate_messages_check_deps_DoDishesActionGoal
[  0%] Built target _actionlib_tutorials_generate_messages_check_deps_DoDishesActionFeedback
[  0%] Built target _actionlib_tutorials_generate_messages_check_deps_DoDishesFeedback
[  0%] Built target _actionlib_tutorials_generate_messages_check_deps_FibonacciAction
[  0%] Built target _actionlib_tutorials_generate_messages_check_deps_FibonacciActionGoal
[  0%] Built target _actionlib_tutorials_generate_messages_check_deps_FibonacciActionResult
[  0%] Built target _actionlib_tutorials_generate_messages_check_deps_DoDishesResult
[  0%] Built target _actionlib_tutorials_generate_messages_check_deps_FibonacciActionFeedback
[  0%] Built target _actionlib_tutorials_generate_messages_check_deps_FibonacciFeedback
[  0%] Built target _actionlib_tutorials_generate_messages_check_deps_FibonacciGoal
[  0%] Built target _actionlib_tutorials_generate_messages_check_deps_FibonacciResult
[  0%] Built target _actionlib_tutorials_generate_messages_check_deps_forwardActionResult
[  0%] Built target _actionlib_tutorials_generate_messages_check_deps_forwardActionGoal
[  0%] Built target _actionlib_tutorials_generate_messages_check_deps_forwardAction
[  0%] Built target actionlib_msgs_generate_messages_cpp
[  0%] Built target std_msgs_generate_messages_cpp
[  0%] Built target _actionlib_tutorials_generate_messages_check_deps_forwardActionFeedback
[  0%] Built target _actionlib_tutorials_generate_messages_check_deps_forwardGoal
[  0%] Built target actionlib_msgs_generate_messages_eus
[  0%] Built target std_msgs_generate_messages_eus
[  0%] Built target std_msgs_generate_messages_lisp
[  0%] Built target actionlib_msgs_generate_messages_lisp
[  0%] Built target _actionlib_tutorials_generate_messages_check_deps_forwardResult
[  0%] Built target actionlib_msgs_generate_messages_nodejs
[  0%] Built target std_msgs_generate_messages_nodejs
[  0%] [32mBuilding CXX object CMakeFiles/SimpleActionClient.dir/src/SimpleActionClient.cpp.o[0m
[  1%] [32mBuilding CXX object CMakeFiles/SimpleActionServer.dir/src/SimpleActionServer.cpp.o[0m
[  2%] [34m[1mGenerating Python from MSG actionlib_tutorials/DoDishesAction[0m
[  3%] [34m[1mGenerating EusLisp code from actionlib_tutorials/DoDishesAction.msg[0m
[  4%] [34m[1mGenerating C++ code from actionlib_tutorials/DoDishesAction.msg[0m
[  5%] [34m[1mGenerating Lisp code from actionlib_tutorials/DoDishesAction.msg[0m
[01m[K/home/ye/Documents/Course/ROS/lecture/lec_ws/src/actionlib_tutorials/src/SimpleActionClient.cpp:1:10:[m[K [01;31m[Kfatal error: [m[Kactionlib_tutorials/DoDishesAction.h: No such file or directory
    1 | #include [01;31m[K<actionlib_tutorials/DoDishesAction.h>[m[K // Note: "Action" is appended
      |          [01;31m[K^~~~~~~~~~~~~~~~~~~~~~~~~~~~~~~~~~~~~~[m[K
compilation terminated.
[01m[K/home/ye/Documents/Course/ROS/lecture/lec_ws/src/actionlib_tutorials/src/SimpleActionServer.cpp:1:10:[m[K [01;31m[Kfatal error: [m[Kactionlib_tutorials/DoDishesAction.h: No such file or directory
    1 | #include [01;31m[K<actionlib_tutorials/DoDishesAction.h>[m[K // Note: "Action" is appended
      |          [01;31m[K^~~~~~~~~~~~~~~~~~~~~~~~~~~~~~~~~~~~~~[m[K
compilation terminated.
make[2]: *** [CMakeFiles/SimpleActionClient.dir/build.make:76: CMakeFiles/SimpleActionClient.dir/src/SimpleActionClient.cpp.o] Error 1
make[2]: *** [CMakeFiles/SimpleActionServer.dir/build.make:76: CMakeFiles/SimpleActionServer.dir/src/SimpleActionServer.cpp.o] Error 1
make[1]: *** [CMakeFiles/Makefile2:1957: CMakeFiles/SimpleActionClient.dir/all] Error 2
make[1]: *** Waiting for unfinished jobs....
make[1]: *** [CMakeFiles/Makefile2:1983: CMakeFiles/SimpleActionServer.dir/all] Error 2
[  7%] [34m[1mGenerating EusLisp code from actionlib_tutorials/DoDishesActionGoal.msg[0m
[  7%] [34m[1mGenerating Lisp code from actionlib_tutorials/DoDishesActionGoal.msg[0m
[  8%] [34m[1mGenerating EusLisp code from actionlib_tutorials/DoDishesActionResult.msg[0m
[  8%] [34m[1mGenerating Lisp code from actionlib_tutorials/DoDishesActionResult.msg[0m
[  9%] [34m[1mGenerating EusLisp code from actionlib_tutorials/DoDishesActionFeedback.msg[0m
[ 10%] [34m[1mGenerating EusLisp code from actionlib_tutorials/DoDishesGoal.msg[0m
[ 11%] [34m[1mGenerating C++ code from actionlib_tutorials/DoDishesActionGoal.msg[0m
[ 12%] [34m[1mGenerating EusLisp code from actionlib_tutorials/DoDishesResult.msg[0m
[ 13%] [34m[1mGenerating C++ code from actionlib_tutorials/DoDishesActionResult.msg[0m
[ 15%] [34m[1mGenerating Lisp code from actionlib_tutorials/DoDishesActionFeedback.msg[0m
[ 15%] [34m[1mGenerating EusLisp code from actionlib_tutorials/DoDishesFeedback.msg[0m
[ 16%] [34m[1mGenerating Lisp code from actionlib_tutorials/DoDishesGoal.msg[0m
[ 17%] [34m[1mGenerating EusLisp code from actionlib_tutorials/FibonacciAction.msg[0m
[ 18%] [34m[1mGenerating Python from MSG actionlib_tutorials/DoDishesActionGoal[0m
[ 19%] [34m[1mGenerating Python from MSG actionlib_tutorials/DoDishesActionResult[0m
[ 20%] [34m[1mGenerating Lisp code from actionlib_tutorials/DoDishesResult.msg[0m
[ 20%] [34m[1mGenerating EusLisp code from actionlib_tutorials/FibonacciActionGoal.msg[0m
[ 21%] [34m[1mGenerating EusLisp code from actionlib_tutorials/FibonacciActionResult.msg[0m
[ 22%] [34m[1mGenerating Lisp code from actionlib_tutorials/DoDishesFeedback.msg[0m
[ 23%] [34m[1mGenerating Lisp code from actionlib_tutorials/FibonacciAction.msg[0m
[ 23%] [34m[1mGenerating C++ code from actionlib_tutorials/DoDishesActionFeedback.msg[0m
[ 24%] [34m[1mGenerating C++ code from actionlib_tutorials/DoDishesGoal.msg[0m
[ 25%] [34m[1mGenerating Lisp code from actionlib_tutorials/FibonacciActionGoal.msg[0m
[ 26%] [34m[1mGenerating EusLisp code from actionlib_tutorials/FibonacciActionFeedback.msg[0m
[ 27%] [34m[1mGenerating Lisp code from actionlib_tutorials/FibonacciActionResult.msg[0m
[ 29%] [34m[1mGenerating EusLisp code from actionlib_tutorials/FibonacciGoal.msg[0m
[ 29%] [34m[1mGenerating Python from MSG actionlib_tutorials/DoDishesActionFeedback[0m
[ 30%] [34m[1mGenerating EusLisp code from actionlib_tutorials/FibonacciResult.msg[0m
[ 30%] [34m[1mGenerating Lisp code from actionlib_tutorials/FibonacciActionFeedback.msg[0m
[ 31%] [34m[1mGenerating Lisp code from actionlib_tutorials/FibonacciGoal.msg[0m
[ 31%] [34m[1mGenerating C++ code from actionlib_tutorials/DoDishesResult.msg[0m
[ 31%] [34m[1mGenerating Lisp code from actionlib_tutorials/FibonacciResult.msg[0m
[ 32%] [34m[1mGenerating Lisp code from actionlib_tutorials/FibonacciFeedback.msg[0m
[ 33%] [34m[1mGenerating C++ code from actionlib_tutorials/DoDishesFeedback.msg[0m
[ 34%] [34m[1mGenerating C++ code from actionlib_tutorials/FibonacciAction.msg[0m
[ 35%] [34m[1mGenerating C++ code from actionlib_tutorials/FibonacciActionGoal.msg[0m
[ 36%] [34m[1mGenerating EusLisp code from actionlib_tutorials/FibonacciFeedback.msg[0m
[ 37%] [34m[1mGenerating C++ code from actionlib_tutorials/FibonacciActionResult.msg[0m
[ 38%] [34m[1mGenerating Lisp code from actionlib_tutorials/forwardAction.msg[0m
[ 39%] [34m[1mGenerating Python from MSG actionlib_tutorials/DoDishesGoal[0m
[ 40%] [34m[1mGenerating Lisp code from actionlib_tutorials/forwardActionGoal.msg[0m
[ 40%] [34m[1mGenerating Python from MSG actionlib_tutorials/DoDishesResult[0m
[ 41%] [34m[1mGenerating C++ code from actionlib_tutorials/FibonacciActionFeedback.msg[0m
[ 43%] [34m[1mGenerating C++ code from actionlib_tutorials/FibonacciGoal.msg[0m
[ 43%] [34m[1mGenerating EusLisp code from actionlib_tutorials/forwardAction.msg[0m
[ 44%] [34m[1mGenerating Lisp code from actionlib_tutorials/forwardActionResult.msg[0m
[ 45%] [34m[1mGenerating EusLisp code from actionlib_tutorials/forwardActionGoal.msg[0m
[ 46%] [34m[1mGenerating C++ code from actionlib_tutorials/FibonacciResult.msg[0m
[ 46%] [34m[1mGenerating C++ code from actionlib_tutorials/FibonacciFeedback.msg[0m
[ 47%] [34m[1mGenerating C++ code from actionlib_tutorials/forwardAction.msg[0m
[ 48%] [34m[1mGenerating Lisp code from actionlib_tutorials/forwardActionFeedback.msg[0m
[ 48%] [34m[1mGenerating C++ code from actionlib_tutorials/forwardActionGoal.msg[0m
[ 49%] [34m[1mGenerating Python from MSG actionlib_tutorials/DoDishesFeedback[0m
[ 50%] [34m[1mGenerating Lisp code from actionlib_tutorials/forwardGoal.msg[0m
[ 51%] [34m[1mGenerating C++ code from actionlib_tutorials/forwardActionResult.msg[0m
[ 52%] [34m[1mGenerating EusLisp code from actionlib_tutorials/forwardActionResult.msg[0m
[ 53%] [34m[1mGenerating C++ code from actionlib_tutorials/forwardActionFeedback.msg[0m
[ 54%] [34m[1mGenerating C++ code from actionlib_tutorials/forwardGoal.msg[0m
[ 55%] [34m[1mGenerating Lisp code from actionlib_tutorials/forwardResult.msg[0m
[ 55%] [34m[1mGenerating Lisp code from actionlib_tutorials/forwardFeedback.msg[0m
[ 56%] [34m[1mGenerating C++ code from actionlib_tutorials/forwardResult.msg[0m
[ 58%] [34m[1mGenerating C++ code from actionlib_tutorials/forwardFeedback.msg[0m
[ 58%] Built target actionlib_tutorials_generate_messages_lisp
[ 59%] [34m[1mGenerating EusLisp code from actionlib_tutorials/forwardActionFeedback.msg[0m
[ 60%] [34m[1mGenerating Python from MSG actionlib_tutorials/FibonacciAction[0m
[ 60%] [34m[1mGenerating EusLisp code from actionlib_tutorials/forwardGoal.msg[0m
[ 61%] [34m[1mGenerating Python from MSG actionlib_tutorials/FibonacciActionGoal[0m
[ 63%] [34m[1mGenerating EusLisp code from actionlib_tutorials/forwardResult.msg[0m
[ 64%] [34m[1mGenerating Python from MSG actionlib_tutorials/FibonacciActionResult[0m
[ 63%] [34m[1mGenerating Python from MSG actionlib_tutorials/FibonacciActionFeedback[0m
[ 65%] [34m[1mGenerating EusLisp code from actionlib_tutorials/forwardFeedback.msg[0m
[ 65%] Built target actionlib_tutorials_generate_messages_cpp
[ 65%] [34m[1mGenerating EusLisp manifest code for actionlib_tutorials[0m
[ 66%] [34m[1mGenerating Python from MSG actionlib_tutorials/FibonacciGoal[0m
[ 67%] [34m[1mGenerating Python from MSG actionlib_tutorials/FibonacciResult[0m
[ 67%] [34m[1mGenerating Python from MSG actionlib_tutorials/FibonacciFeedback[0m
[ 68%] [34m[1mGenerating Python from MSG actionlib_tutorials/forwardAction[0m
[ 69%] [34m[1mGenerating Python from MSG actionlib_tutorials/forwardActionGoal[0m
[ 70%] [34m[1mGenerating Python from MSG actionlib_tutorials/forwardActionResult[0m
[ 70%] [34m[1mGenerating Python from MSG actionlib_tutorials/forwardActionFeedback[0m
[ 72%] [34m[1mGenerating Python from MSG actionlib_tutorials/forwardGoal[0m
[ 72%] [34m[1mGenerating Python from MSG actionlib_tutorials/forwardResult[0m
[ 73%] [34m[1mGenerating Python from MSG actionlib_tutorials/forwardFeedback[0m
[ 74%] [34m[1mGenerating Python msg __init__.py for actionlib_tutorials[0m
[ 74%] Built target actionlib_tutorials_generate_messages_py
[ 74%] Built target actionlib_tutorials_generate_messages_eus
make: *** [Makefile:146: all] Error 2
