[  6%] [32mBuilding CXX object CMakeFiles/turtle_tf_broadcaster.dir/src/turtle_tf_broadcaster.cpp.o[0m
[ 12%] [32mBuilding CXX object CMakeFiles/turtle_tf_listener.dir/src/turtle_tf_listener.cpp.o[0m
[ 18%] [32mBuilding CXX object CMakeFiles/frame_tf_broadcaster.dir/src/frame_tf_broadcaster.cpp.o[0m
[ 25%] [32mBuilding CXX object CMakeFiles/odomexam.dir/src/odomexam.cpp.o[0m
[ 31%] [32mBuilding CXX object CMakeFiles/laser_pub.dir/src/laser_pub.cpp.o[0m
[ 37%] [32mBuilding CXX object CMakeFiles/laser_scan.dir/src/laser_scan.cpp.o[0m
[ 43%] [32mBuilding CXX object CMakeFiles/point_cloud.dir/src/point_cloud.cpp.o[0m
[ 50%] [32mBuilding CXX object CMakeFiles/imu_data.dir/src/imu_data.cpp.o[0m
[ 56%] [32m[1mLinking CXX executable /home/ye/Documents/Course/ROS/lecture/lec_ws/devel/.private/learning_tf/lib/learning_tf/laser_pub[0m
[ 56%] Built target laser_pub
[ 62%] [32m[1mLinking CXX executable /home/ye/Documents/Course/ROS/lecture/lec_ws/devel/.private/learning_tf/lib/learning_tf/laser_scan[0m
[ 62%] Built target laser_scan
[ 68%] [32m[1mLinking CXX executable /home/ye/Documents/Course/ROS/lecture/lec_ws/devel/.private/learning_tf/lib/learning_tf/point_cloud[0m
[ 68%] Built target point_cloud
[ 75%] [32m[1mLinking CXX executable /home/ye/Documents/Course/ROS/lecture/lec_ws/devel/.private/learning_tf/lib/learning_tf/turtle_tf_broadcaster[0m
[ 81%] [32m[1mLinking CXX executable /home/ye/Documents/Course/ROS/lecture/lec_ws/devel/.private/learning_tf/lib/learning_tf/frame_tf_broadcaster[0m
[ 81%] Built target turtle_tf_broadcaster
[ 81%] Built target frame_tf_broadcaster
[ 87%] [32m[1mLinking CXX executable /home/ye/Documents/Course/ROS/lecture/lec_ws/devel/.private/learning_tf/lib/learning_tf/odomexam[0m
[ 87%] Built target odomexam
[ 93%] [32m[1mLinking CXX executable /home/ye/Documents/Course/ROS/lecture/lec_ws/devel/.private/learning_tf/lib/learning_tf/turtle_tf_listener[0m
[ 93%] Built target turtle_tf_listener
[100%] [32m[1mLinking CXX executable /home/ye/Documents/Course/ROS/lecture/lec_ws/devel/.private/learning_tf/lib/learning_tf/imu_data[0m
[100%] Built target imu_data
